<?xml version="1.0" encoding="UTF-8"?>
<!-- Generated by org.testng.reporters.JUnitReportReporter -->
<testsuite hostname="lokesh" failures="0" tests="3" name="StarAgileDevopsAssignmentQ2.AmazonSeleniumGrid" time="74.893" errors="0" timestamp="2024-07-23T09:58:17 IST" skipped="0">
  <testcase classname="StarAgileDevopsAssignmentQ2.AmazonSeleniumGrid" name="crossBrowserTest" time="32.700"/>
  <testcase classname="StarAgileDevopsAssignmentQ2.AmazonSeleniumGrid" name="crossBrowserTest" time="18.381"/>
  <testcase classname="StarAgileDevopsAssignmentQ2.AmazonSeleniumGrid" name="crossBrowserTest" time="23.812"/>
</testsuite> <!-- StarAgileDevopsAssignmentQ2.AmazonSeleniumGrid -->
