<?xml version="1.0" encoding="UTF-8"?>
<!-- Generated by org.testng.reporters.JUnitReportReporter -->
<testsuite hostname="lokesh" failures="0" tests="3" name="com.CRM.TestCases2.HomePageTestCase" time="3.460" errors="0" timestamp="2024-07-18T11:46:30 IST" skipped="0">
  <testcase classname="com.CRM.TestCases2.HomePageTestCase" name="verifyUrl" time="1.175"/>
  <system-out>
    <![CDATA[Test Pass:Because Url matched!!]]>
  </system-out>
  <testcase classname="com.CRM.TestCases2.HomePageTestCase" name="verifyTitle" time="0.020"/>
  <system-out>
    <![CDATA[Test Pass: Title matched]]>
  </system-out>
  <testcase classname="com.CRM.TestCases2.HomePageTestCase" name="validateSignInLink" time="2.265"/>
  <system-out>
    <![CDATA[Test Pass:Application navigating to Login Page]]>
  </system-out>
</testsuite> <!-- com.CRM.TestCases2.HomePageTestCase -->
