<?xml version="1.0" encoding="UTF-8"?>
<!-- Generated by org.testng.reporters.JUnitReportReporter -->
<testsuite hostname="lokesh" failures="0" tests="1" name="com.CRM.TestCases2.LoginPageTestCase" time="1.814" errors="0" timestamp="2024-07-18T11:46:30 IST" skipped="0">
  <testcase classname="com.CRM.TestCases2.LoginPageTestCase" name="validateLogin" time="1.814"/>
  <system-out/>
</testsuite> <!-- com.CRM.TestCases2.LoginPageTestCase -->
